{"total": {"lines":{"total":1234,"covered":708,"skipped":0,"pct":57.37},"statements":{"total":1318,"covered":750,"skipped":0,"pct":56.9},"functions":{"total":381,"covered":206,"skipped":0,"pct":54.06},"branches":{"total":824,"covered":434,"skipped":0,"pct":52.66},"branchesTrue":{"total":0,"covered":0,"skipped":0,"pct":100}}
,"/Users/kwadjowusu-ansah/Documents/Kanban-Task-Management/src/components/AddColumnCard/AddColumnCard.tsx": {"lines":{"total":1,"covered":1,"skipped":0,"pct":100},"functions":{"total":1,"covered":1,"skipped":0,"pct":100},"statements":{"total":1,"covered":1,"skipped":0,"pct":100},"branches":{"total":5,"covered":4,"skipped":0,"pct":80}}
,"/Users/kwadjowusu-ansah/Documents/Kanban-Task-Management/src/components/Button/Button.tsx": {"lines":{"total":1,"covered":1,"skipped":0,"pct":100},"functions":{"total":1,"covered":1,"skipped":0,"pct":100},"statements":{"total":1,"covered":1,"skipped":0,"pct":100},"branches":{"total":4,"covered":4,"skipped":0,"pct":100}}
,"/Users/kwadjowusu-ansah/Documents/Kanban-Task-Management/src/components/Button/Button.utils.ts": {"lines":{"total":6,"covered":6,"skipped":0,"pct":100},"functions":{"total":2,"covered":2,"skipped":0,"pct":100},"statements":{"total":6,"covered":6,"skipped":0,"pct":100},"branches":{"total":8,"covered":6,"skipped":0,"pct":75}}
,"/Users/kwadjowusu-ansah/Documents/Kanban-Task-Management/src/components/EmptyBoardState/EmptyBoardState.tsx": {"lines":{"total":1,"covered":0,"skipped":0,"pct":0},"functions":{"total":1,"covered":0,"skipped":0,"pct":0},"statements":{"total":1,"covered":0,"skipped":0,"pct":0},"branches":{"total":5,"covered":0,"skipped":0,"pct":0}}
,"/Users/kwadjowusu-ansah/Documents/Kanban-Task-Management/src/components/Header/Header.tsx": {"lines":{"total":17,"covered":6,"skipped":0,"pct":35.29},"functions":{"total":5,"covered":2,"skipped":0,"pct":40},"statements":{"total":17,"covered":6,"skipped":0,"pct":35.29},"branches":{"total":39,"covered":18,"skipped":0,"pct":46.15}}
,"/Users/kwadjowusu-ansah/Documents/Kanban-Task-Management/src/components/Input/Input.tsx": {"lines":{"total":35,"covered":22,"skipped":0,"pct":62.85},"functions":{"total":9,"covered":5,"skipped":0,"pct":55.55},"statements":{"total":35,"covered":22,"skipped":0,"pct":62.85},"branches":{"total":62,"covered":39,"skipped":0,"pct":62.9}}
,"/Users/kwadjowusu-ansah/Documents/Kanban-Task-Management/src/components/Input/Input.utils.ts": {"lines":{"total":19,"covered":14,"skipped":0,"pct":73.68},"functions":{"total":7,"covered":7,"skipped":0,"pct":100},"statements":{"total":20,"covered":15,"skipped":0,"pct":75},"branches":{"total":16,"covered":9,"skipped":0,"pct":56.25}}
,"/Users/kwadjowusu-ansah/Documents/Kanban-Task-Management/src/components/Modal/Modal.tsx": {"lines":{"total":74,"covered":50,"skipped":0,"pct":67.56},"functions":{"total":17,"covered":12,"skipped":0,"pct":70.58},"statements":{"total":75,"covered":51,"skipped":0,"pct":68},"branches":{"total":124,"covered":86,"skipped":0,"pct":69.35}}
,"/Users/kwadjowusu-ansah/Documents/Kanban-Task-Management/src/components/Sidebar/Sidebar.tsx": {"lines":{"total":23,"covered":16,"skipped":0,"pct":69.56},"functions":{"total":8,"covered":5,"skipped":0,"pct":62.5},"statements":{"total":23,"covered":16,"skipped":0,"pct":69.56},"branches":{"total":39,"covered":22,"skipped":0,"pct":56.41}}
,"/Users/kwadjowusu-ansah/Documents/Kanban-Task-Management/src/components/TaskCard/TaskCard.tsx": {"lines":{"total":11,"covered":11,"skipped":0,"pct":100},"functions":{"total":4,"covered":4,"skipped":0,"pct":100},"statements":{"total":13,"covered":13,"skipped":0,"pct":100},"branches":{"total":8,"covered":7,"skipped":0,"pct":87.5}}
,"/Users/kwadjowusu-ansah/Documents/Kanban-Task-Management/src/components/Tasks/Tasks.tsx": {"lines":{"total":18,"covered":18,"skipped":0,"pct":100},"functions":{"total":7,"covered":7,"skipped":0,"pct":100},"statements":{"total":20,"covered":20,"skipped":0,"pct":100},"branches":{"total":18,"covered":14,"skipped":0,"pct":77.77}}
,"/Users/kwadjowusu-ansah/Documents/Kanban-Task-Management/src/context/AuthContext.tsx": {"lines":{"total":12,"covered":0,"skipped":0,"pct":0},"functions":{"total":6,"covered":0,"skipped":0,"pct":0},"statements":{"total":12,"covered":0,"skipped":0,"pct":0},"branches":{"total":2,"covered":0,"skipped":0,"pct":0}}
,"/Users/kwadjowusu-ansah/Documents/Kanban-Task-Management/src/context/auth.context.ts": {"lines":{"total":1,"covered":0,"skipped":0,"pct":0},"functions":{"total":0,"covered":0,"skipped":0,"pct":100},"statements":{"total":1,"covered":0,"skipped":0,"pct":0},"branches":{"total":0,"covered":0,"skipped":0,"pct":100}}
,"/Users/kwadjowusu-ansah/Documents/Kanban-Task-Management/src/context/useAuth.ts": {"lines":{"total":4,"covered":0,"skipped":0,"pct":0},"functions":{"total":1,"covered":0,"skipped":0,"pct":0},"statements":{"total":4,"covered":0,"skipped":0,"pct":0},"branches":{"total":2,"covered":0,"skipped":0,"pct":0}}
,"/Users/kwadjowusu-ansah/Documents/Kanban-Task-Management/src/data/designSystem.ts": {"lines":{"total":0,"covered":0,"skipped":0,"pct":0},"functions":{"total":0,"covered":0,"skipped":0,"pct":0},"statements":{"total":0,"covered":0,"skipped":0,"pct":0},"branches":{"total":0,"covered":0,"skipped":0,"pct":0}}
,"/Users/kwadjowusu-ansah/Documents/Kanban-Task-Management/src/data/kanban.api.ts": {"lines":{"total":46,"covered":32,"skipped":0,"pct":69.56},"functions":{"total":14,"covered":12,"skipped":0,"pct":85.71},"statements":{"total":49,"covered":35,"skipped":0,"pct":71.42},"branches":{"total":53,"covered":38,"skipped":0,"pct":71.69}}
,"/Users/kwadjowusu-ansah/Documents/Kanban-Task-Management/src/data/kanban.boards.ts": {"lines":{"total":12,"covered":12,"skipped":0,"pct":100},"functions":{"total":10,"covered":10,"skipped":0,"pct":100},"statements":{"total":14,"covered":14,"skipped":0,"pct":100},"branches":{"total":0,"covered":0,"skipped":0,"pct":100}}
,"/Users/kwadjowusu-ansah/Documents/Kanban-Task-Management/src/data/kanban.dataset.ts": {"lines":{"total":1,"covered":1,"skipped":0,"pct":100},"functions":{"total":0,"covered":0,"skipped":0,"pct":100},"statements":{"total":1,"covered":1,"skipped":0,"pct":100},"branches":{"total":0,"covered":0,"skipped":0,"pct":100}}
,"/Users/kwadjowusu-ansah/Documents/Kanban-Task-Management/src/data/kanban.previews.ts": {"lines":{"total":14,"covered":14,"skipped":0,"pct":100},"functions":{"total":9,"covered":9,"skipped":0,"pct":100},"statements":{"total":19,"covered":19,"skipped":0,"pct":100},"branches":{"total":8,"covered":4,"skipped":0,"pct":50}}
,"/Users/kwadjowusu-ansah/Documents/Kanban-Task-Management/src/data/kanban.tokens.ts": {"lines":{"total":2,"covered":2,"skipped":0,"pct":100},"functions":{"total":0,"covered":0,"skipped":0,"pct":100},"statements":{"total":2,"covered":2,"skipped":0,"pct":100},"branches":{"total":0,"covered":0,"skipped":0,"pct":100}}
,"/Users/kwadjowusu-ansah/Documents/Kanban-Task-Management/src/data/kanban.ts": {"lines":{"total":0,"covered":0,"skipped":0,"pct":0},"functions":{"total":0,"covered":0,"skipped":0,"pct":0},"statements":{"total":0,"covered":0,"skipped":0,"pct":0},"branches":{"total":0,"covered":0,"skipped":0,"pct":0}}
,"/Users/kwadjowusu-ansah/Documents/Kanban-Task-Management/src/hooks/useBoolean.ts": {"lines":{"total":8,"covered":0,"skipped":0,"pct":0},"functions":{"total":5,"covered":0,"skipped":0,"pct":0},"statements":{"total":9,"covered":0,"skipped":0,"pct":0},"branches":{"total":1,"covered":0,"skipped":0,"pct":0}}
,"/Users/kwadjowusu-ansah/Documents/Kanban-Task-Management/src/hooks/useHydrateKanbanData.ts": {"lines":{"total":10,"covered":10,"skipped":0,"pct":100},"functions":{"total":3,"covered":3,"skipped":0,"pct":100},"statements":{"total":10,"covered":10,"skipped":0,"pct":100},"branches":{"total":4,"covered":4,"skipped":0,"pct":100}}
,"/Users/kwadjowusu-ansah/Documents/Kanban-Task-Management/src/pages/Admin/Admin.tsx": {"lines":{"total":6,"covered":0,"skipped":0,"pct":0},"functions":{"total":3,"covered":0,"skipped":0,"pct":0},"statements":{"total":6,"covered":0,"skipped":0,"pct":0},"branches":{"total":0,"covered":0,"skipped":0,"pct":100}}
,"/Users/kwadjowusu-ansah/Documents/Kanban-Task-Management/src/pages/BoardView/BoardView.tsx": {"lines":{"total":610,"covered":279,"skipped":0,"pct":45.73},"functions":{"total":174,"covered":63,"skipped":0,"pct":36.2},"statements":{"total":666,"covered":298,"skipped":0,"pct":44.74},"branches":{"total":259,"covered":92,"skipped":0,"pct":35.52}}
,"/Users/kwadjowusu-ansah/Documents/Kanban-Task-Management/src/pages/Dashboard/Dashboard.tsx": {"lines":{"total":18,"covered":17,"skipped":0,"pct":94.44},"functions":{"total":5,"covered":5,"skipped":0,"pct":100},"statements":{"total":18,"covered":17,"skipped":0,"pct":94.44},"branches":{"total":20,"covered":15,"skipped":0,"pct":75}}
,"/Users/kwadjowusu-ansah/Documents/Kanban-Task-Management/src/pages/Login/Login.tsx": {"lines":{"total":9,"covered":0,"skipped":0,"pct":0},"functions":{"total":3,"covered":0,"skipped":0,"pct":0},"statements":{"total":9,"covered":0,"skipped":0,"pct":0},"branches":{"total":4,"covered":0,"skipped":0,"pct":0}}
,"/Users/kwadjowusu-ansah/Documents/Kanban-Task-Management/src/pages/MainShell/MainShell.tsx": {"lines":{"total":31,"covered":15,"skipped":0,"pct":48.38},"functions":{"total":20,"covered":4,"skipped":0,"pct":20},"statements":{"total":35,"covered":16,"skipped":0,"pct":45.71},"branches":{"total":19,"covered":8,"skipped":0,"pct":42.1}}
,"/Users/kwadjowusu-ansah/Documents/Kanban-Task-Management/src/pages/NotFound/NotFound.tsx": {"lines":{"total":4,"covered":0,"skipped":0,"pct":0},"functions":{"total":3,"covered":0,"skipped":0,"pct":0},"statements":{"total":4,"covered":0,"skipped":0,"pct":0},"branches":{"total":0,"covered":0,"skipped":0,"pct":100}}
,"/Users/kwadjowusu-ansah/Documents/Kanban-Task-Management/src/routes/ProtectedRoute.tsx": {"lines":{"total":5,"covered":0,"skipped":0,"pct":0},"functions":{"total":1,"covered":0,"skipped":0,"pct":0},"statements":{"total":5,"covered":0,"skipped":0,"pct":0},"branches":{"total":2,"covered":0,"skipped":0,"pct":0}}
,"/Users/kwadjowusu-ansah/Documents/Kanban-Task-Management/src/store/hooks.ts": {"lines":{"total":2,"covered":2,"skipped":0,"pct":100},"functions":{"total":0,"covered":0,"skipped":0,"pct":100},"statements":{"total":2,"covered":2,"skipped":0,"pct":100},"branches":{"total":0,"covered":0,"skipped":0,"pct":100}}
,"/Users/kwadjowusu-ansah/Documents/Kanban-Task-Management/src/store/selectors.ts": {"lines":{"total":34,"covered":30,"skipped":0,"pct":88.23},"functions":{"total":18,"covered":18,"skipped":0,"pct":100},"statements":{"total":38,"covered":34,"skipped":0,"pct":89.47},"branches":{"total":8,"covered":4,"skipped":0,"pct":50}}
,"/Users/kwadjowusu-ansah/Documents/Kanban-Task-Management/src/store/slices/kanban.slice.ts": {"lines":{"total":186,"covered":144,"skipped":0,"pct":77.41},"functions":{"total":39,"covered":33,"skipped":0,"pct":84.61},"statements":{"total":189,"covered":146,"skipped":0,"pct":77.24},"branches":{"total":106,"covered":60,"skipped":0,"pct":56.6}}
,"/Users/kwadjowusu-ansah/Documents/Kanban-Task-Management/src/utils/classNames.ts": {"lines":{"total":1,"covered":1,"skipped":0,"pct":100},"functions":{"total":1,"covered":1,"skipped":0,"pct":100},"statements":{"total":1,"covered":1,"skipped":0,"pct":100},"branches":{"total":0,"covered":0,"skipped":0,"pct":100}}
,"/Users/kwadjowusu-ansah/Documents/Kanban-Task-Management/src/utils/dragIds.ts": {"lines":{"total":12,"covered":4,"skipped":0,"pct":33.33},"functions":{"total":4,"covered":2,"skipped":0,"pct":50},"statements":{"total":12,"covered":4,"skipped":0,"pct":33.33},"branches":{"total":8,"covered":0,"skipped":0,"pct":0}}
}
